生成启动时间为 2022\1\13 星期四 11:03:43。
     1>项目“K:\Allen-C-Learning\指针与数组练习题\指针与数组练习题\指针与数组练习题.vcxproj”在节点 2 上(build 个目标)。
     1>InitializeBuildStatus:
         正在创建“Debug\指针与数组练习题.unsuccessfulbuild”，因为已指定“AlwaysCreate”。
       ClCompile:
         C:\Program Files (x86)\Microsoft Visual Studio 10.0\VC\bin\CL.exe /c /ZI /nologo /W3 /WX- /Od /Oy- /D _UNICODE /D UNICODE /Gm /EHsc /RTC1 /MDd /GS /fp:precise /Zc:wchar_t /Zc:forScope /Fo"Debug\\" /Fd"Debug\vc100.pdb" /Gd /TC /analyze- /errorReport:prompt test.c
         test.c
     1>k:\allen-c-learning\指针与数组练习题\指针与数组练习题\test.c(17): warning C4047: “函数”:“const char *”与“char **”的间接级别不同
     1>k:\allen-c-learning\指针与数组练习题\指针与数组练习题\test.c(17): warning C4024: “strlen”: 形参和实参 1 的类型不同
     1>k:\allen-c-learning\指针与数组练习题\指针与数组练习题\test.c(18): warning C4047: “函数”:“const char *”与“char **”的间接级别不同
     1>k:\allen-c-learning\指针与数组练习题\指针与数组练习题\test.c(18): warning C4024: “strlen”: 形参和实参 1 的类型不同
       Link:
         C:\Program Files (x86)\Microsoft Visual Studio 10.0\VC\bin\link.exe /ERRORREPORT:PROMPT /OUT:"K:\Allen-C-Learning\指针与数组练习题\Debug\指针与数组练习题.exe" /NOLOGO kernel32.lib user32.lib gdi32.lib winspool.lib comdlg32.lib advapi32.lib shell32.lib ole32.lib oleaut32.lib uuid.lib odbc32.lib odbccp32.lib /MANIFEST /ManifestFile:"Debug\指针与数组练习题.exe.intermediate.manifest" /MANIFESTUAC:"level='asInvoker' uiAccess='false'" /DEBUG /PDB:"K:\Allen-C-Learning\指针与数组练习题\Debug\指针与数组练习题.pdb" /SUBSYSTEM:CONSOLE /TLBID:1 /DYNAMICBASE /NXCOMPAT /IMPLIB:"K:\Allen-C-Learning\指针与数组练习题\Debug\指针与数组练习题.lib" /MACHINE:X86 Debug\test.obj
         LINK : 没有找到 K:\Allen-C-Learning\指针与数组练习题\Debug\指针与数组练习题.exe 或上一个增量链接没有生成它；正在执行完全链接
         指针与数组练习题.vcxproj -> K:\Allen-C-Learning\指针与数组练习题\Debug\指针与数组练习题.exe
       Manifest:
         C:\Program Files (x86)\Microsoft SDKs\Windows\v7.0A\bin\mt.exe /nologo /verbose /outputresource:"K:\Allen-C-Learning\指针与数组练习题\Debug\指针与数组练习题.exe;#1" /manifest "Debug\指针与数组练习题.exe.intermediate.manifest"
       FinalizeBuildStatus:
         正在删除文件“Debug\指针与数组练习题.unsuccessfulbuild”。
         正在对“Debug\指针与数组练习题.lastbuildstate”执行 Touch 任务。
     1>已完成生成项目“K:\Allen-C-Learning\指针与数组练习题\指针与数组练习题\指针与数组练习题.vcxproj”(build 个目标)的操作。

生成成功。

已用时间 00:00:02.78
